  % Total    % Received % Xferd  Average Speed   Time    Time     Time  Current
                                 Dload  Upload   Total   Spent    Left  Speed
  0     0    0     0    0     0      0      0 --:--:-- --:--:-- --:--:--     0*   Trying 3.95.32.22...
* TCP_NODELAY set
* Connected to ec2-3-95-32-22.compute-1.amazonaws.com (3.95.32.22) port 80 (#0)
> GET /static/js/bundle.js HTTP/1.1
> Host: ec2-3-95-32-22.compute-1.amazonaws.com
> User-Agent: curl/7.54.0
> Accept: */*
> Cookie: login=eyJ1c2VybmFtZSI6ImF3ZGVvcmlvIn0.Y_Gk2Q.I8QYcwPitqrLiQfj3qhsyCqPzCo
> 
< HTTP/1.1 200 OK
< Server: nginx/1.18.0 (Ubuntu)
< Date: Sun, 19 Feb 2023 04:26:09 GMT
< Content-Type: text/javascript; charset=utf-8
< Content-Length: 1142593
< Connection: keep-alive
< Content-Disposition: inline; filename=bundle.js
< Last-Modified: Sun, 19 Feb 2023 04:17:32 GMT
< Cache-Control: no-cache
< ETag: "1676780252.3885927-1142593-3954186017"
< 
{ [7871 bytes data]
100 1115k  100 1115k    0     0  3766k      0 --:--:-- --:--:-- --:--:-- 3769k
* Connection #0 to host ec2-3-95-32-22.compute-1.amazonaws.com left intact
